<?xml version="1.0" encoding="UTF-8"?>
<testng-results skipped="0" failed="0" ignored="0" total="1" passed="1">
  <reporter-output>
  </reporter-output>
  <suite name="Suite1" duration-ms="108" started-at="2019-05-14T14:36:28Z" finished-at="2019-05-14T14:36:28Z">
    <groups>
    </groups>
    <test name="Regression1" duration-ms="108" started-at="2019-05-14T14:36:28Z" finished-at="2019-05-14T14:36:28Z">
      <class name="com.mvnproj.mproj.NewTest">
        <test-method status="PASS" signature="firstTest()[pri:0, instance:com.mvnproj.mproj.NewTest@3a82f6ef]" name="firstTest" duration-ms="55" started-at="2019-05-14T14:36:28Z" finished-at="2019-05-14T14:36:28Z">
          <reporter-output>
          </reporter-output>
        </test-method> <!-- firstTest -->
      </class> <!-- com.mvnproj.mproj.NewTest -->
    </test> <!-- Regression1 -->
  </suite> <!-- Suite1 -->
</testng-results>
